<?xml version="1.0" encoding="UTF-8"?>
<coverage generated="1590654208707" clover="3.2.0">
  <project timestamp="1590654208708" name="All files">
    <metrics statements="18" coveredstatements="18" conditionals="4" coveredconditionals="3" methods="5" coveredmethods="5" elements="27" coveredelements="26" complexity="0" loc="18" ncloc="18" packages="1" files="3" classes="3"/>
    <file name="ArticlesDetails.tsx" path="/Users/megan.duffy/WPE/OnboardingProject/app/javascript/components/Articles/ArticlesDetails.tsx">
      <metrics statements="7" coveredstatements="7" conditionals="2" coveredconditionals="2" methods="1" coveredmethods="1"/>
      <line num="15" count="2" type="stmt"/>
      <line num="17" count="13" type="stmt"/>
      <line num="19" count="13" type="stmt"/>
      <line num="21" count="13" type="cond" truecount="2" falsecount="0"/>
      <line num="22" count="4" type="stmt"/>
      <line num="23" count="4" type="stmt"/>
      <line num="26" count="13" type="stmt"/>
    </file>
    <file name="ArticlesHeader.tsx" path="/Users/megan.duffy/WPE/OnboardingProject/app/javascript/components/Articles/ArticlesHeader.tsx">
      <metrics statements="2" coveredstatements="2" conditionals="0" coveredconditionals="0" methods="1" coveredmethods="1"/>
      <line num="9" count="1" type="stmt"/>
      <line num="10" count="3" type="stmt"/>
    </file>
    <file name="ArticlesList.tsx" path="/Users/megan.duffy/WPE/OnboardingProject/app/javascript/components/Articles/ArticlesList.tsx">
      <metrics statements="9" coveredstatements="9" conditionals="2" coveredconditionals="1" methods="3" coveredmethods="3"/>
      <line num="9" count="1" type="stmt"/>
      <line num="11" count="4" type="stmt"/>
      <line num="14" count="7" type="stmt"/>
      <line num="15" count="7" type="stmt"/>
      <line num="16" count="7" type="stmt"/>
      <line num="19" count="4" type="cond" truecount="1" falsecount="1"/>
      <line num="20" count="4" type="stmt"/>
      <line num="22" count="7" type="stmt"/>
      <line num="38" count="4" type="stmt"/>
    </file>
  </project>
</coverage>
