{"/Users/megan.duffy/WPE/OnboardingProject/app/javascript/components/Articles/ArticlesDetails.tsx": {"path":"/Users/megan.duffy/WPE/OnboardingProject/app/javascript/components/Articles/ArticlesDetails.tsx","statementMap":{"0":{"start":{"line":15,"column":56},"end":{"line":47,"column":1}},"1":{"start":{"line":17,"column":22},"end":{"line":17,"column":26}},"2":{"start":{"line":19,"column":24},"end":{"line":19,"column":28}},"3":{"start":{"line":21,"column":4},"end":{"line":24,"column":5}},"4":{"start":{"line":22,"column":8},"end":{"line":22,"column":66}},"5":{"start":{"line":23,"column":8},"end":{"line":23,"column":56}},"6":{"start":{"line":26,"column":4},"end":{"line":46,"column":5}}},"fnMap":{"0":{"name":"(anonymous_0)","decl":{"start":{"line":15,"column":56},"end":{"line":15,"column":57}},"loc":{"start":{"line":15,"column":67},"end":{"line":47,"column":1}},"line":15}},"branchMap":{"0":{"loc":{"start":{"line":21,"column":4},"end":{"line":24,"column":5}},"type":"if","locations":[{"start":{"line":21,"column":4},"end":{"line":24,"column":5}},{"start":{"line":21,"column":4},"end":{"line":24,"column":5}}],"line":21}},"s":{"0":2,"1":13,"2":13,"3":13,"4":4,"5":4,"6":13},"f":{"0":13},"b":{"0":[4,9]},"_coverageSchema":"1a1c01bbd47fc00a2c39e90264f33305004495a9","hash":"f293910f20736cf79ca9cd99ab9bbc4aa294b761"}
,"/Users/megan.duffy/WPE/OnboardingProject/app/javascript/components/Articles/ArticlesHeader.tsx": {"path":"/Users/megan.duffy/WPE/OnboardingProject/app/javascript/components/Articles/ArticlesHeader.tsx","statementMap":{"0":{"start":{"line":9,"column":54},"end":{"line":19,"column":1}},"1":{"start":{"line":10,"column":2},"end":{"line":18,"column":4}}},"fnMap":{"0":{"name":"(anonymous_0)","decl":{"start":{"line":9,"column":54},"end":{"line":9,"column":55}},"loc":{"start":{"line":9,"column":65},"end":{"line":19,"column":1}},"line":9}},"branchMap":{},"s":{"0":1,"1":3},"f":{"0":3},"b":{},"_coverageSchema":"1a1c01bbd47fc00a2c39e90264f33305004495a9","hash":"a38fb9be0e429603a0f679767d444d365d6a0a80"}
,"/Users/megan.duffy/WPE/OnboardingProject/app/javascript/components/Articles/ArticlesList.tsx": {"path":"/Users/megan.duffy/WPE/OnboardingProject/app/javascript/components/Articles/ArticlesList.tsx","statementMap":{"0":{"start":{"line":9,"column":50},"end":{"line":43,"column":1}},"1":{"start":{"line":11,"column":19},"end":{"line":11,"column":72}},"2":{"start":{"line":14,"column":19},"end":{"line":14,"column":35}},"3":{"start":{"line":15,"column":22},"end":{"line":15,"column":36}},"4":{"start":{"line":16,"column":8},"end":{"line":16,"column":37}},"5":{"start":{"line":19,"column":4},"end":{"line":34,"column":5}},"6":{"start":{"line":20,"column":8},"end":{"line":33,"column":14}},"7":{"start":{"line":22,"column":16},"end":{"line":31,"column":50}},"8":{"start":{"line":38,"column":4},"end":{"line":42,"column":5}}},"fnMap":{"0":{"name":"(anonymous_0)","decl":{"start":{"line":9,"column":50},"end":{"line":9,"column":51}},"loc":{"start":{"line":9,"column":61},"end":{"line":43,"column":1}},"line":9},"1":{"name":"formatDate","decl":{"start":{"line":13,"column":13},"end":{"line":13,"column":23}},"loc":{"start":{"line":13,"column":30},"end":{"line":17,"column":5}},"line":13},"2":{"name":"(anonymous_2)","decl":{"start":{"line":21,"column":32},"end":{"line":21,"column":33}},"loc":{"start":{"line":22,"column":16},"end":{"line":31,"column":50}},"line":22}},"branchMap":{"0":{"loc":{"start":{"line":19,"column":4},"end":{"line":34,"column":5}},"type":"if","locations":[{"start":{"line":19,"column":4},"end":{"line":34,"column":5}},{"start":{"line":19,"column":4},"end":{"line":34,"column":5}}],"line":19}},"s":{"0":1,"1":4,"2":7,"3":7,"4":7,"5":4,"6":4,"7":7,"8":4},"f":{"0":4,"1":7,"2":7},"b":{"0":[4,0]},"_coverageSchema":"1a1c01bbd47fc00a2c39e90264f33305004495a9","hash":"33d469e2b549d6203a09e419c71a86bc34df9e98"}
}
