TN:
SF:app/javascript/components/Articles/ArticlesDetails.tsx
FN:15,(anonymous_0)
FNF:1
FNH:1
FNDA:13,(anonymous_0)
DA:15,2
DA:17,13
DA:19,13
DA:21,13
DA:22,4
DA:23,4
DA:26,13
LF:7
LH:7
BRDA:21,0,0,4
BRDA:21,0,1,9
BRF:2
BRH:2
end_of_record
TN:
SF:app/javascript/components/Articles/ArticlesHeader.tsx
FN:9,(anonymous_0)
FNF:1
FNH:1
FNDA:3,(anonymous_0)
DA:9,1
DA:10,3
LF:2
LH:2
BRF:0
BRH:0
end_of_record
TN:
SF:app/javascript/components/Articles/ArticlesList.tsx
FN:9,(anonymous_0)
FN:13,formatDate
FN:21,(anonymous_2)
FNF:3
FNH:3
FNDA:4,(anonymous_0)
FNDA:7,formatDate
FNDA:7,(anonymous_2)
DA:9,1
DA:11,4
DA:14,7
DA:15,7
DA:16,7
DA:19,4
DA:20,4
DA:22,7
DA:38,4
LF:9
LH:9
BRDA:19,0,0,4
BRDA:19,0,1,0
BRF:2
BRH:1
end_of_record
